<?xml version="1.0" encoding="UTF-8"?>
<testsuite xmlns:xsi="http://www.w3.org/2001/XMLSchema-instance" xsi:noNamespaceSchemaLocation="https://maven.apache.org/surefire/maven-surefire-plugin/xsd/surefire-test-report-3.0.xsd" version="3.0" name="TestSuite" time="201.12" tests="11" errors="0" skipped="0" failures="0">
  <properties>
    <property name="java.specification.version" value="17"/>
    <property name="webdriver.chrome.driver" value="C:\Users\Kiran\Downloads\MilestoneAssesmentt4\MilestoneAssesmentt4\driver\chromedriver.exe"/>
    <property name="sun.cpu.isalist" value="amd64"/>
    <property name="sun.jnu.encoding" value="Cp1252"/>
    <property name="java.class.path" value="C:\Users\Kiran\eclipse-workspace\CucumberFramework\target\test-classes;C:\Users\Kiran\eclipse-workspace\CucumberFramework\target\classes;C:\Users\Kiran\.m2\repository\org\seleniumhq\selenium\selenium-java\3.141.59\selenium-java-3.141.59.jar;C:\Users\Kiran\.m2\repository\org\seleniumhq\selenium\selenium-api\3.141.59\selenium-api-3.141.59.jar;C:\Users\Kiran\.m2\repository\org\seleniumhq\selenium\selenium-chrome-driver\3.141.59\selenium-chrome-driver-3.141.59.jar;C:\Users\Kiran\.m2\repository\org\seleniumhq\selenium\selenium-edge-driver\3.141.59\selenium-edge-driver-3.141.59.jar;C:\Users\Kiran\.m2\repository\org\seleniumhq\selenium\selenium-firefox-driver\3.141.59\selenium-firefox-driver-3.141.59.jar;C:\Users\Kiran\.m2\repository\org\seleniumhq\selenium\selenium-ie-driver\3.141.59\selenium-ie-driver-3.141.59.jar;C:\Users\Kiran\.m2\repository\org\seleniumhq\selenium\selenium-opera-driver\3.141.59\selenium-opera-driver-3.141.59.jar;C:\Users\Kiran\.m2\repository\org\seleniumhq\selenium\selenium-remote-driver\3.141.59\selenium-remote-driver-3.141.59.jar;C:\Users\Kiran\.m2\repository\org\seleniumhq\selenium\selenium-safari-driver\3.141.59\selenium-safari-driver-3.141.59.jar;C:\Users\Kiran\.m2\repository\org\seleniumhq\selenium\selenium-support\3.141.59\selenium-support-3.141.59.jar;C:\Users\Kiran\.m2\repository\net\bytebuddy\byte-buddy\1.8.15\byte-buddy-1.8.15.jar;C:\Users\Kiran\.m2\repository\org\apache\commons\commons-exec\1.3\commons-exec-1.3.jar;C:\Users\Kiran\.m2\repository\com\google\guava\guava\25.0-jre\guava-25.0-jre.jar;C:\Users\Kiran\.m2\repository\com\google\code\findbugs\jsr305\1.3.9\jsr305-1.3.9.jar;C:\Users\Kiran\.m2\repository\org\checkerframework\checker-compat-qual\2.0.0\checker-compat-qual-2.0.0.jar;C:\Users\Kiran\.m2\repository\com\google\errorprone\error_prone_annotations\2.1.3\error_prone_annotations-2.1.3.jar;C:\Users\Kiran\.m2\repository\com\google\j2objc\j2objc-annotations\1.1\j2objc-annotations-1.1.jar;C:\Users\Kiran\.m2\repository\org\codehaus\mojo\animal-sniffer-annotations\1.14\animal-sniffer-annotations-1.14.jar;C:\Users\Kiran\.m2\repository\com\squareup\okhttp3\okhttp\3.11.0\okhttp-3.11.0.jar;C:\Users\Kiran\.m2\repository\com\squareup\okio\okio\1.14.0\okio-1.14.0.jar;C:\Users\Kiran\.m2\repository\org\testng\testng\7.0.0\testng-7.0.0.jar;C:\Users\Kiran\.m2\repository\com\beust\jcommander\1.72\jcommander-1.72.jar;C:\Users\Kiran\.m2\repository\junit\junit\4.11\junit-4.11.jar;C:\Users\Kiran\.m2\repository\org\hamcrest\hamcrest-core\1.3\hamcrest-core-1.3.jar;C:\Users\Kiran\.m2\repository\io\cucumber\cucumber-junit\7.0.0\cucumber-junit-7.0.0.jar;C:\Users\Kiran\.m2\repository\org\apiguardian\apiguardian-api\1.1.2\apiguardian-api-1.1.2.jar;C:\Users\Kiran\.m2\repository\io\cucumber\cucumber-core\7.0.0\cucumber-core-7.0.0.jar;C:\Users\Kiran\.m2\repository\io\cucumber\cucumber-gherkin\7.0.0\cucumber-gherkin-7.0.0.jar;C:\Users\Kiran\.m2\repository\io\cucumber\cucumber-gherkin-messages\7.0.0\cucumber-gherkin-messages-7.0.0.jar;C:\Users\Kiran\.m2\repository\io\cucumber\messages\17.1.1\messages-17.1.1.jar;C:\Users\Kiran\.m2\repository\io\cucumber\tag-expressions\4.0.2\tag-expressions-4.0.2.jar;C:\Users\Kiran\.m2\repository\io\cucumber\cucumber-expressions\13.0.1\cucumber-expressions-13.0.1.jar;C:\Users\Kiran\.m2\repository\io\cucumber\datatable\7.0.0\datatable-7.0.0.jar;C:\Users\Kiran\.m2\repository\io\cucumber\cucumber-plugin\7.0.0\cucumber-plugin-7.0.0.jar;C:\Users\Kiran\.m2\repository\io\cucumber\docstring\7.0.0\docstring-7.0.0.jar;C:\Users\Kiran\.m2\repository\io\cucumber\html-formatter\17.0.0\html-formatter-17.0.0.jar;C:\Users\Kiran\.m2\repository\io\cucumber\create-meta\6.0.1\create-meta-6.0.1.jar;C:\Users\Kiran\.m2\repository\io\cucumber\cucumber-jvm-deps\1.0.6\cucumber-jvm-deps-1.0.6.jar;C:\Users\Kiran\.m2\repository\io\cucumber\cucumber-testng\7.0.0\cucumber-testng-7.0.0.jar;C:\Users\Kiran\.m2\repository\io\cucumber\cucumber-java\7.0.0\cucumber-java-7.0.0.jar;C:\Users\Kiran\.m2\repository\commons-io\commons-io\2.11.0\commons-io-2.11.0.jar;C:\Users\Kiran\.m2\repository\log4j\log4j\1.2.17\log4j-1.2.17.jar;C:\Users\Kiran\.m2\repository\org\apache\poi\poi\4.1.0\poi-4.1.0.jar;C:\Users\Kiran\.m2\repository\commons-codec\commons-codec\1.12\commons-codec-1.12.jar;C:\Users\Kiran\.m2\repository\org\apache\commons\commons-collections4\4.3\commons-collections4-4.3.jar;C:\Users\Kiran\.m2\repository\org\apache\commons\commons-math3\3.6.1\commons-math3-3.6.1.jar;C:\Users\Kiran\.m2\repository\org\apache\poi\poi-ooxml\4.1.0\poi-ooxml-4.1.0.jar;C:\Users\Kiran\.m2\repository\org\apache\poi\poi-ooxml-schemas\4.1.0\poi-ooxml-schemas-4.1.0.jar;C:\Users\Kiran\.m2\repository\org\apache\xmlbeans\xmlbeans\3.1.0\xmlbeans-3.1.0.jar;C:\Users\Kiran\.m2\repository\org\apache\commons\commons-compress\1.18\commons-compress-1.18.jar;C:\Users\Kiran\.m2\repository\com\github\virtuald\curvesapi\1.06\curvesapi-1.06.jar;C:\Users\Kiran\.m2\repository\com\relevantcodes\extentreports\2.41.2\extentreports-2.41.2.jar;C:\Users\Kiran\.m2\repository\org\jsoup\jsoup\1.8.3\jsoup-1.8.3.jar;C:\Users\Kiran\.m2\repository\org\xerial\sqlite-jdbc\3.8.11.1\sqlite-jdbc-3.8.11.1.jar;C:\Users\Kiran\.m2\repository\org\freemarker\freemarker\2.3.23\freemarker-2.3.23.jar;C:\Users\Kiran\.m2\repository\org\mongodb\mongodb-driver\3.0.4\mongodb-driver-3.0.4.jar;C:\Users\Kiran\.m2\repository\org\mongodb\bson\3.0.4\bson-3.0.4.jar;C:\Users\Kiran\.m2\repository\org\mongodb\mongodb-driver-core\3.0.4\mongodb-driver-core-3.0.4.jar;"/>
    <property name="java.vm.vendor" value="Eclipse Adoptium"/>
    <property name="sun.arch.data.model" value="64"/>
    <property name="user.variant" value=""/>
    <property name="java.vendor.url" value="https://adoptium.net/"/>
    <property name="user.timezone" value="Asia/Calcutta"/>
    <property name="os.name" value="Windows 10"/>
    <property name="java.vm.specification.version" value="17"/>
    <property name="sun.java.launcher" value="SUN_STANDARD"/>
    <property name="user.country" value="IN"/>
    <property name="sun.boot.library.path" value="C:\Users\Kiran\.p2\pool\plugins\org.eclipse.justj.openjdk.hotspot.jre.full.win32.x86_64_17.0.0.v20211012-1059\jre\bin"/>
    <property name="sun.java.command" value="C:\Users\Kiran\AppData\Local\Temp\surefire4935306304194555268\surefirebooter15197343601890966575.jar C:\Users\Kiran\AppData\Local\Temp\surefire4935306304194555268 2022-01-18T13-21-31_155-jvmRun1 surefire7036199967844654790tmp surefire_015214384484649037451tmp"/>
    <property name="jdk.debug" value="release"/>
    <property name="surefire.test.class.path" value="C:\Users\Kiran\eclipse-workspace\CucumberFramework\target\test-classes;C:\Users\Kiran\eclipse-workspace\CucumberFramework\target\classes;C:\Users\Kiran\.m2\repository\org\seleniumhq\selenium\selenium-java\3.141.59\selenium-java-3.141.59.jar;C:\Users\Kiran\.m2\repository\org\seleniumhq\selenium\selenium-api\3.141.59\selenium-api-3.141.59.jar;C:\Users\Kiran\.m2\repository\org\seleniumhq\selenium\selenium-chrome-driver\3.141.59\selenium-chrome-driver-3.141.59.jar;C:\Users\Kiran\.m2\repository\org\seleniumhq\selenium\selenium-edge-driver\3.141.59\selenium-edge-driver-3.141.59.jar;C:\Users\Kiran\.m2\repository\org\seleniumhq\selenium\selenium-firefox-driver\3.141.59\selenium-firefox-driver-3.141.59.jar;C:\Users\Kiran\.m2\repository\org\seleniumhq\selenium\selenium-ie-driver\3.141.59\selenium-ie-driver-3.141.59.jar;C:\Users\Kiran\.m2\repository\org\seleniumhq\selenium\selenium-opera-driver\3.141.59\selenium-opera-driver-3.141.59.jar;C:\Users\Kiran\.m2\repository\org\seleniumhq\selenium\selenium-remote-driver\3.141.59\selenium-remote-driver-3.141.59.jar;C:\Users\Kiran\.m2\repository\org\seleniumhq\selenium\selenium-safari-driver\3.141.59\selenium-safari-driver-3.141.59.jar;C:\Users\Kiran\.m2\repository\org\seleniumhq\selenium\selenium-support\3.141.59\selenium-support-3.141.59.jar;C:\Users\Kiran\.m2\repository\net\bytebuddy\byte-buddy\1.8.15\byte-buddy-1.8.15.jar;C:\Users\Kiran\.m2\repository\org\apache\commons\commons-exec\1.3\commons-exec-1.3.jar;C:\Users\Kiran\.m2\repository\com\google\guava\guava\25.0-jre\guava-25.0-jre.jar;C:\Users\Kiran\.m2\repository\com\google\code\findbugs\jsr305\1.3.9\jsr305-1.3.9.jar;C:\Users\Kiran\.m2\repository\org\checkerframework\checker-compat-qual\2.0.0\checker-compat-qual-2.0.0.jar;C:\Users\Kiran\.m2\repository\com\google\errorprone\error_prone_annotations\2.1.3\error_prone_annotations-2.1.3.jar;C:\Users\Kiran\.m2\repository\com\google\j2objc\j2objc-annotations\1.1\j2objc-annotations-1.1.jar;C:\Users\Kiran\.m2\repository\org\codehaus\mojo\animal-sniffer-annotations\1.14\animal-sniffer-annotations-1.14.jar;C:\Users\Kiran\.m2\repository\com\squareup\okhttp3\okhttp\3.11.0\okhttp-3.11.0.jar;C:\Users\Kiran\.m2\repository\com\squareup\okio\okio\1.14.0\okio-1.14.0.jar;C:\Users\Kiran\.m2\repository\org\testng\testng\7.0.0\testng-7.0.0.jar;C:\Users\Kiran\.m2\repository\com\beust\jcommander\1.72\jcommander-1.72.jar;C:\Users\Kiran\.m2\repository\junit\junit\4.11\junit-4.11.jar;C:\Users\Kiran\.m2\repository\org\hamcrest\hamcrest-core\1.3\hamcrest-core-1.3.jar;C:\Users\Kiran\.m2\repository\io\cucumber\cucumber-junit\7.0.0\cucumber-junit-7.0.0.jar;C:\Users\Kiran\.m2\repository\org\apiguardian\apiguardian-api\1.1.2\apiguardian-api-1.1.2.jar;C:\Users\Kiran\.m2\repository\io\cucumber\cucumber-core\7.0.0\cucumber-core-7.0.0.jar;C:\Users\Kiran\.m2\repository\io\cucumber\cucumber-gherkin\7.0.0\cucumber-gherkin-7.0.0.jar;C:\Users\Kiran\.m2\repository\io\cucumber\cucumber-gherkin-messages\7.0.0\cucumber-gherkin-messages-7.0.0.jar;C:\Users\Kiran\.m2\repository\io\cucumber\messages\17.1.1\messages-17.1.1.jar;C:\Users\Kiran\.m2\repository\io\cucumber\tag-expressions\4.0.2\tag-expressions-4.0.2.jar;C:\Users\Kiran\.m2\repository\io\cucumber\cucumber-expressions\13.0.1\cucumber-expressions-13.0.1.jar;C:\Users\Kiran\.m2\repository\io\cucumber\datatable\7.0.0\datatable-7.0.0.jar;C:\Users\Kiran\.m2\repository\io\cucumber\cucumber-plugin\7.0.0\cucumber-plugin-7.0.0.jar;C:\Users\Kiran\.m2\repository\io\cucumber\docstring\7.0.0\docstring-7.0.0.jar;C:\Users\Kiran\.m2\repository\io\cucumber\html-formatter\17.0.0\html-formatter-17.0.0.jar;C:\Users\Kiran\.m2\repository\io\cucumber\create-meta\6.0.1\create-meta-6.0.1.jar;C:\Users\Kiran\.m2\repository\io\cucumber\cucumber-jvm-deps\1.0.6\cucumber-jvm-deps-1.0.6.jar;C:\Users\Kiran\.m2\repository\io\cucumber\cucumber-testng\7.0.0\cucumber-testng-7.0.0.jar;C:\Users\Kiran\.m2\repository\io\cucumber\cucumber-java\7.0.0\cucumber-java-7.0.0.jar;C:\Users\Kiran\.m2\repository\commons-io\commons-io\2.11.0\commons-io-2.11.0.jar;C:\Users\Kiran\.m2\repository\log4j\log4j\1.2.17\log4j-1.2.17.jar;C:\Users\Kiran\.m2\repository\org\apache\poi\poi\4.1.0\poi-4.1.0.jar;C:\Users\Kiran\.m2\repository\commons-codec\commons-codec\1.12\commons-codec-1.12.jar;C:\Users\Kiran\.m2\repository\org\apache\commons\commons-collections4\4.3\commons-collections4-4.3.jar;C:\Users\Kiran\.m2\repository\org\apache\commons\commons-math3\3.6.1\commons-math3-3.6.1.jar;C:\Users\Kiran\.m2\repository\org\apache\poi\poi-ooxml\4.1.0\poi-ooxml-4.1.0.jar;C:\Users\Kiran\.m2\repository\org\apache\poi\poi-ooxml-schemas\4.1.0\poi-ooxml-schemas-4.1.0.jar;C:\Users\Kiran\.m2\repository\org\apache\xmlbeans\xmlbeans\3.1.0\xmlbeans-3.1.0.jar;C:\Users\Kiran\.m2\repository\org\apache\commons\commons-compress\1.18\commons-compress-1.18.jar;C:\Users\Kiran\.m2\repository\com\github\virtuald\curvesapi\1.06\curvesapi-1.06.jar;C:\Users\Kiran\.m2\repository\com\relevantcodes\extentreports\2.41.2\extentreports-2.41.2.jar;C:\Users\Kiran\.m2\repository\org\jsoup\jsoup\1.8.3\jsoup-1.8.3.jar;C:\Users\Kiran\.m2\repository\org\xerial\sqlite-jdbc\3.8.11.1\sqlite-jdbc-3.8.11.1.jar;C:\Users\Kiran\.m2\repository\org\freemarker\freemarker\2.3.23\freemarker-2.3.23.jar;C:\Users\Kiran\.m2\repository\org\mongodb\mongodb-driver\3.0.4\mongodb-driver-3.0.4.jar;C:\Users\Kiran\.m2\repository\org\mongodb\bson\3.0.4\bson-3.0.4.jar;C:\Users\Kiran\.m2\repository\org\mongodb\mongodb-driver-core\3.0.4\mongodb-driver-core-3.0.4.jar;"/>
    <property name="sun.cpu.endian" value="little"/>
    <property name="user.home" value="C:\Users\Kiran"/>
    <property name="user.language" value="en"/>
    <property name="java.specification.vendor" value="Oracle Corporation"/>
    <property name="java.version.date" value="2021-09-14"/>
    <property name="java.home" value="C:\Users\Kiran\.p2\pool\plugins\org.eclipse.justj.openjdk.hotspot.jre.full.win32.x86_64_17.0.0.v20211012-1059\jre"/>
    <property name="file.separator" value="\"/>
    <property name="basedir" value="C:\Users\Kiran\eclipse-workspace\CucumberFramework"/>
    <property name="java.vm.compressedOopsMode" value="32-bit"/>
    <property name="line.separator" value="&#10;"/>
    <property name="java.vm.specification.vendor" value="Oracle Corporation"/>
    <property name="java.specification.name" value="Java Platform API Specification"/>
    <property name="surefire.real.class.path" value="C:\Users\Kiran\AppData\Local\Temp\surefire4935306304194555268\surefirebooter15197343601890966575.jar"/>
    <property name="user.script" value=""/>
    <property name="sun.management.compiler" value="HotSpot 64-Bit Tiered Compilers"/>
    <property name="java.runtime.version" value="17+35"/>
    <property name="user.name" value="Kiran"/>
    <property name="path.separator" value=";"/>
    <property name="os.version" value="10.0"/>
    <property name="java.runtime.name" value="OpenJDK Runtime Environment"/>
    <property name="file.encoding" value="Cp1252"/>
    <property name="java.vm.name" value="OpenJDK 64-Bit Server VM"/>
    <property name="java.vendor.version" value="Temurin-17+35"/>
    <property name="localRepository" value="C:\Users\Kiran\.m2\repository"/>
    <property name="java.vendor.url.bug" value="https://github.com/adoptium/adoptium-support/issues"/>
    <property name="java.io.tmpdir" value="C:\Users\Kiran\AppData\Local\Temp\"/>
    <property name="java.version" value="17"/>
    <property name="user.dir" value="C:\Users\Kiran\eclipse-workspace\CucumberFramework"/>
    <property name="os.arch" value="amd64"/>
    <property name="java.vm.specification.name" value="Java Virtual Machine Specification"/>
    <property name="sun.os.patch.level" value=""/>
    <property name="timeStamp" value="01_18_2022"/>
    <property name="native.encoding" value="Cp1252"/>
    <property name="java.library.path" value="C:\Users\Kiran\.p2\pool\plugins\org.eclipse.justj.openjdk.hotspot.jre.full.win32.x86_64_17.0.0.v20211012-1059\jre\bin;C:\WINDOWS\Sun\Java\bin;C:\WINDOWS\system32;C:\WINDOWS;C:/Users/Kiran/.p2/pool/plugins/org.eclipse.justj.openjdk.hotspot.jre.full.win32.x86_64_17.0.0.v20211012-1059/jre/bin/server;C:/Users/Kiran/.p2/pool/plugins/org.eclipse.justj.openjdk.hotspot.jre.full.win32.x86_64_17.0.0.v20211012-1059/jre/bin;C:\Program Files\Common Files\Oracle\Java\javapath;C:\WINDOWS\system32;C:\WINDOWS;C:\WINDOWS\System32\Wbem;C:\WINDOWS\System32\WindowsPowerShell\v1.0\;C:\WINDOWS\System32\OpenSSH\;C:\Program Files\Git\cmd;C:\Program Files\Java\jdk-11.0.13\bin;C:\Users\Kiran\AppData\Local\Microsoft\WindowsApps;C:\Users\Kiran\AppData\Local\GitHubDesktop\bin;C:\Program Files\Java\apache-maven-3.8.4-bin\apache-maven-3.8.4\bin;;C:\Users\Kiran\AppData\Local\Programs\Microsoft VS Code\bin;C:\Users\Kiran\Desktop;;."/>
    <property name="java.vm.info" value="mixed mode"/>
    <property name="java.vendor" value="Eclipse Adoptium"/>
    <property name="java.vm.version" value="17+35"/>
    <property name="sun.io.unicode.encoding" value="UnicodeLittle"/>
    <property name="java.class.version" value="61.0"/>
  </properties>
  <testcase name="runScenario[&quot;Airport cab services&quot;, &quot;Optional[Airport]&quot;](1)" classname="com.mindtree.runner.TestRunner" time="27.736">
    <system-out><![CDATA[[main] DEBUG Hooks.class  - Opening driver
[main] INFO  Hooks.class  - Driver opened
[main] DEBUG Hooks.class  - Opening URL
[main] INFO  Test1  - Savaari website is displayed
[main] INFO  AirportPage.java  - fromcitydetailsentered
[main] INFO  AirportPage.java  - Date  selected
[main] DEBUG AirportPage.java  - select Pickuptime 
[main] INFO  AirportPage.java  - selectcar
[main] INFO  AirportPage.java  - firstcar
[main] INFO  AirportPage.java  - Price Validated : ? 945
[main] INFO  Hooks.class  - Driver closed
[main] INFO  Hooks.class  - Scenario completed
]]></system-out>
    <system-err><![CDATA[Starting ChromeDriver 96.0.4664.45 (76e4c1bb2ab4671b8beba3444e61c0f17584b2fc-refs/branch-heads/4664@{#947}) on port 19974
Only local connections are allowed.
Please see https://chromedriver.chromium.org/security-considerations for suggestions on keeping ChromeDriver safe.
ChromeDriver was started successfully.
[1642492294.050][WARNING]: This version of ChromeDriver has not been tested with Chrome version 97.
Jan 18, 2022 1:21:34 PM org.openqa.selenium.remote.ProtocolHandshake createSession
INFO: Detected dialect: W3C
]]></system-err>
  </testcase>
  <testcase name="runScenario[&quot;Airport cab services&quot;, &quot;Optional[Airport]&quot;](2)" classname="com.mindtree.runner.TestRunner" time="27.667">
    <system-out><![CDATA[[main] DEBUG Hooks.class  - Opening driver
[main] INFO  Hooks.class  - Driver opened
[main] DEBUG Hooks.class  - Opening URL
[main] INFO  Test1  - Savaari website is displayed
[main] INFO  AirportPage.java  - fromcitydetailsentered
[main] INFO  AirportPage.java  - Date  selected
[main] DEBUG AirportPage.java  - select Pickuptime 
[main] INFO  AirportPage.java  - selectcar
[main] INFO  AirportPage.java  - firstcar
[main] INFO  AirportPage.java  - Price Validated : ? 969
[main] INFO  Hooks.class  - Driver closed
[main] INFO  Hooks.class  - Scenario completed
]]></system-out>
    <system-err><![CDATA[Starting ChromeDriver 96.0.4664.45 (76e4c1bb2ab4671b8beba3444e61c0f17584b2fc-refs/branch-heads/4664@{#947}) on port 40527
Only local connections are allowed.
Please see https://chromedriver.chromium.org/security-considerations for suggestions on keeping ChromeDriver safe.
ChromeDriver was started successfully.
[1642492321.761][WARNING]: This version of ChromeDriver has not been tested with Chrome version 97.
Jan 18, 2022 1:22:01 PM org.openqa.selenium.remote.ProtocolHandshake createSession
INFO: Detected dialect: W3C
]]></system-err>
  </testcase>
  <testcase name="runScenario[&quot;Local cab services&quot;, &quot;Optional[Local path]&quot;](3)" classname="com.mindtree.runner.TestRunner" time="23.67">
    <system-out><![CDATA[[main] DEBUG Hooks.class  - Opening driver
[main] INFO  Hooks.class  - Driver opened
[main] DEBUG Hooks.class  - Opening URL
[main] INFO  localpage.java  - switchtab
[main] INFO  Test2  - Savaari website is displayed
[main] INFO  localpage.java  - cityname
[main] INFO  localpage.java  - date selected
[main] INFO  localpage.java  - time
[main] INFO  localpage.java  - selectbutton
[main] INFO  localpage.java  - selectcar
[main] INFO  localpage.java  - validatedToyota Etios or Equivalent
[main] INFO  Hooks.class  - Driver closed
[main] INFO  Hooks.class  - Scenario completed
]]></system-out>
    <system-err><![CDATA[Starting ChromeDriver 96.0.4664.45 (76e4c1bb2ab4671b8beba3444e61c0f17584b2fc-refs/branch-heads/4664@{#947}) on port 21603
Only local connections are allowed.
Please see https://chromedriver.chromium.org/security-considerations for suggestions on keeping ChromeDriver safe.
ChromeDriver was started successfully.
[1642492348.859][WARNING]: This version of ChromeDriver has not been tested with Chrome version 97.
Jan 18, 2022 1:22:28 PM org.openqa.selenium.remote.ProtocolHandshake createSession
INFO: Detected dialect: W3C
]]></system-err>
  </testcase>
  <testcase name="runScenario[&quot;Validating Text is displayed after filling the fields&quot;, &quot;Optional[Corporate car Rental under services]&quot;](4)" classname="com.mindtree.runner.TestRunner" time="20.981">
    <system-out><![CDATA[[main] DEBUG Hooks.class  - Opening driver
[main] INFO  Hooks.class  - Driver opened
[main] DEBUG Hooks.class  - Opening URL
[main] INFO  Test4  - Savaari website is displayed
[main] INFO  CorporateCarRental.java  - name
[main] INFO  CorporateCarRental.java  - comapny
[main] INFO  CorporateCarRental.java  - email
[main] INFO  CorporateCarRental.java  - Phone no
[main] INFO  CorporateCarRental.java  - Volumn selected
[main] INFO  CorporateCarRental.java  - Submit button clicked
[main] INFO  CorporateCarRental.java  - text validates
[main] INFO  Hooks.class  - Driver closed
[main] INFO  Hooks.class  - Scenario completed
]]></system-out>
    <system-err><![CDATA[Starting ChromeDriver 96.0.4664.45 (76e4c1bb2ab4671b8beba3444e61c0f17584b2fc-refs/branch-heads/4664@{#947}) on port 7681
Only local connections are allowed.
Please see https://chromedriver.chromium.org/security-considerations for suggestions on keeping ChromeDriver safe.
ChromeDriver was started successfully.
[1642492372.525][WARNING]: This version of ChromeDriver has not been tested with Chrome version 97.
Jan 18, 2022 1:22:52 PM org.openqa.selenium.remote.ProtocolHandshake createSession
INFO: Detected dialect: W3C
]]></system-err>
  </testcase>
  <testcase name="runScenario[&quot;Title of homepage validation&quot;, &quot;Optional[Homepage]&quot;](5)" classname="com.mindtree.runner.TestRunner" time="5.207">
    <system-out><![CDATA[[main] DEBUG Hooks.class  - Opening driver
[main] INFO  Hooks.class  - Driver opened
[main] DEBUG Hooks.class  - Opening URL
[main] INFO  Homepage.java  - validatedBook Outstation Cabs, Local & Airport Taxi Service - India's Leading Car Rentals
[main] INFO  Hooks.class  - Driver closed
[main] INFO  Hooks.class  - Scenario completed
]]></system-out>
    <system-err><![CDATA[Starting ChromeDriver 96.0.4664.45 (76e4c1bb2ab4671b8beba3444e61c0f17584b2fc-refs/branch-heads/4664@{#947}) on port 7635
Only local connections are allowed.
Please see https://chromedriver.chromium.org/security-considerations for suggestions on keeping ChromeDriver safe.
ChromeDriver was started successfully.
[1642492393.563][WARNING]: This version of ChromeDriver has not been tested with Chrome version 97.
Jan 18, 2022 1:23:13 PM org.openqa.selenium.remote.ProtocolHandshake createSession
INFO: Detected dialect: W3C
]]></system-err>
  </testcase>
  <testcase name="runScenario[&quot;CEO Validation&quot;, &quot;Optional[Homepage]&quot;](6)" classname="com.mindtree.runner.TestRunner" time="9.584">
    <system-out><![CDATA[[main] DEBUG Hooks.class  - Opening driver
[main] INFO  Hooks.class  - Driver opened
[main] DEBUG Hooks.class  - Opening URL
[main] INFO  Homepage.java  - validatedGaurav Aggarwal
[main] INFO  Hooks.class  - Driver closed
[main] INFO  Hooks.class  - Scenario completed
]]></system-out>
    <system-err><![CDATA[Starting ChromeDriver 96.0.4664.45 (76e4c1bb2ab4671b8beba3444e61c0f17584b2fc-refs/branch-heads/4664@{#947}) on port 34462
Only local connections are allowed.
Please see https://chromedriver.chromium.org/security-considerations for suggestions on keeping ChromeDriver safe.
ChromeDriver was started successfully.
[1642492398.739][WARNING]: This version of ChromeDriver has not been tested with Chrome version 97.
Jan 18, 2022 1:23:18 PM org.openqa.selenium.remote.ProtocolHandshake createSession
INFO: Detected dialect: W3C
]]></system-err>
  </testcase>
  <testcase name="runScenario[&quot;ContactUs&quot;, &quot;Optional[Homepage]&quot;](7)" classname="com.mindtree.runner.TestRunner" time="9.396">
    <system-out><![CDATA[[main] DEBUG Hooks.class  - Opening driver
[main] INFO  Hooks.class  - Driver opened
[main] DEBUG Hooks.class  - Opening URL
[main] INFO  Hooks.class  - Driver closed
[main] INFO  Hooks.class  - Scenario completed
]]></system-out>
    <system-err><![CDATA[Starting ChromeDriver 96.0.4664.45 (76e4c1bb2ab4671b8beba3444e61c0f17584b2fc-refs/branch-heads/4664@{#947}) on port 8150
Only local connections are allowed.
Please see https://chromedriver.chromium.org/security-considerations for suggestions on keeping ChromeDriver safe.
ChromeDriver was started successfully.
[1642492408.294][WARNING]: This version of ChromeDriver has not been tested with Chrome version 97.
Jan 18, 2022 1:23:28 PM org.openqa.selenium.remote.ProtocolHandshake createSession
INFO: Detected dialect: W3C
]]></system-err>
  </testcase>
  <testcase name="runScenario[&quot;Validating the North route&quot;, &quot;Optional[One way cab]&quot;](8)" classname="com.mindtree.runner.TestRunner" time="20.317">
    <system-out><![CDATA[[main] DEBUG Hooks.class  - Opening driver
[main] INFO  Hooks.class  - Driver opened
[main] DEBUG Hooks.class  - Opening URL
[main] INFO  Test3  - Savaari website is displayed
[main] INFO  Hooks.class  - Driver closed
[main] INFO  Hooks.class  - Scenario completed
]]></system-out>
    <system-err><![CDATA[Starting ChromeDriver 96.0.4664.45 (76e4c1bb2ab4671b8beba3444e61c0f17584b2fc-refs/branch-heads/4664@{#947}) on port 19476
Only local connections are allowed.
Please see https://chromedriver.chromium.org/security-considerations for suggestions on keeping ChromeDriver safe.
ChromeDriver was started successfully.
[1642492417.739][WARNING]: This version of ChromeDriver has not been tested with Chrome version 97.
Jan 18, 2022 1:23:37 PM org.openqa.selenium.remote.ProtocolHandshake createSession
INFO: Detected dialect: W3C
]]></system-err>
  </testcase>
  <testcase name="runScenario[&quot;Outstaion cab services&quot;, &quot;Optional[Outsation path]&quot;](9)" classname="com.mindtree.runner.TestRunner" time="23.642">
    <system-out><![CDATA[[main] DEBUG Hooks.class  - Opening driver
[main] INFO  Hooks.class  - Driver opened
[main] DEBUG Hooks.class  - Opening URL
[main] INFO  outstationpageobject.java  - clickedonoutstation
[main] INFO  Test3  - Savaari website is displayed
[main] INFO  outstationpageobject.java  - clickedononeway
[main] INFO  outstationpageobject.java  - cityentered
[main] INFO  outstationpageobject.java  - tocityentered
[main] INFO  outstationpageobject.java  - clickedondate
[main] INFO  outstationpageobject.java  - clickedontime
[main] INFO  outstationpageobject.java  - clickedonselectcar
[main] INFO  outstationpageobject.java  - clickedonfirstcar
[main] INFO  outstationpageobject.java  - validated? 4657
[main] INFO  Hooks.class  - Driver closed
[main] INFO  Hooks.class  - Scenario completed
]]></system-out>
    <system-err><![CDATA[Starting ChromeDriver 96.0.4664.45 (76e4c1bb2ab4671b8beba3444e61c0f17584b2fc-refs/branch-heads/4664@{#947}) on port 49071
Only local connections are allowed.
Please see https://chromedriver.chromium.org/security-considerations for suggestions on keeping ChromeDriver safe.
ChromeDriver was started successfully.
[1642492437.994][WARNING]: This version of ChromeDriver has not been tested with Chrome version 97.
Jan 18, 2022 1:23:58 PM org.openqa.selenium.remote.ProtocolHandshake createSession
INFO: Detected dialect: W3C
]]></system-err>
  </testcase>
  <testcase name="runScenario[&quot;Outstaion cab services&quot;, &quot;Optional[Outsation path]&quot;](10)" classname="com.mindtree.runner.TestRunner" time="25.473">
    <system-out><![CDATA[[main] DEBUG Hooks.class  - Opening driver
[main] INFO  Hooks.class  - Driver opened
[main] DEBUG Hooks.class  - Opening URL
[main] INFO  outstationpageobject.java  - clickedonoutstation
[main] INFO  Test3  - Savaari website is displayed
[main] INFO  outstationpageobject.java  - clickedonroundtrip
[main] INFO  outstationpageobject.java  - cityentered
[main] INFO  outstationpageobject.java  - roundcityname
[main] INFO  outstationpageobject.java  - clickedondate
[main] INFO  outstationpageobject.java  - clickedonreturndate
[main] INFO  outstationpageobject.java  - clickedontime
[main] INFO  outstationpageobject.java  - clickedonselectcar
[main] INFO  outstationpageobject.java  - clickedonfirstcar
[main] INFO  outstationpageobject.java  - validated? 7493
[main] INFO  Hooks.class  - Driver closed
[main] INFO  Hooks.class  - Scenario completed
]]></system-out>
    <system-err><![CDATA[Starting ChromeDriver 96.0.4664.45 (76e4c1bb2ab4671b8beba3444e61c0f17584b2fc-refs/branch-heads/4664@{#947}) on port 19303
Only local connections are allowed.
Please see https://chromedriver.chromium.org/security-considerations for suggestions on keeping ChromeDriver safe.
ChromeDriver was started successfully.
[1642492461.679][WARNING]: This version of ChromeDriver has not been tested with Chrome version 97.
Jan 18, 2022 1:24:21 PM org.openqa.selenium.remote.ProtocolHandshake createSession
INFO: Detected dialect: W3C
]]></system-err>
  </testcase>
  <testcase name="runScenario[&quot;Checking Login&quot;, &quot;Optional[Login Validation]&quot;](11)" classname="com.mindtree.runner.TestRunner" time="6.439">
    <system-out><![CDATA[[main] DEBUG Hooks.class  - Opening driver
[main] INFO  Hooks.class  - Driver opened
[main] DEBUG Hooks.class  - Opening URL
[main] DEBUG LoginPage.java  - Sign in icon is clicked
[main] DEBUG LoginPage.java  - Valid name id is entered
[main] DEBUG LoginPage.java  - Valid Phone number is entered
[main] DEBUG LoginPage.java  - Valid Email id is entered
[main] DEBUG LoginPage.java  - Valid Email id is entered
[main] DEBUG LoginPage.java  - Valid Email id is entered
[main] DEBUG LoginPage.java  - Login is clicked and user lands on homepage
[main] INFO  Hooks.class  - Driver closed
[main] INFO  Hooks.class  - Scenario completed
]]></system-out>
    <system-err><![CDATA[Starting ChromeDriver 96.0.4664.45 (76e4c1bb2ab4671b8beba3444e61c0f17584b2fc-refs/branch-heads/4664@{#947}) on port 29133
Only local connections are allowed.
Please see https://chromedriver.chromium.org/security-considerations for suggestions on keeping ChromeDriver safe.
ChromeDriver was started successfully.
[1642492487.103][WARNING]: This version of ChromeDriver has not been tested with Chrome version 97.
Jan 18, 2022 1:24:47 PM org.openqa.selenium.remote.ProtocolHandshake createSession
INFO: Detected dialect: W3C
]]></system-err>
  </testcase>
</testsuite>