<?xml version="1.0" encoding="UTF-8"?>
<!-- Generated by org.testng.reporters.JUnitReportReporter -->
<testsuite hostname="LAPTOP-Q1QGKN5O" failures="0" tests="11" name="com.mindtree.runner.TestRunner" time="200.099" errors="0" timestamp="2022-01-18T13:24:53 IST" skipped="0">
  <testcase classname="com.mindtree.runner.TestRunner" name="runScenario" time="23.662"/>
  <testcase classname="com.mindtree.runner.TestRunner" name="runScenario" time="9.591"/>
  <testcase classname="com.mindtree.runner.TestRunner" name="runScenario" time="20.317"/>
  <testcase classname="com.mindtree.runner.TestRunner" name="runScenario" time="27.679"/>
  <testcase classname="com.mindtree.runner.TestRunner" name="runScenario" time="5.202"/>
  <testcase classname="com.mindtree.runner.TestRunner" name="runScenario" time="9.394"/>
  <testcase classname="com.mindtree.runner.TestRunner" name="runScenario" time="20.992"/>
  <testcase classname="com.mindtree.runner.TestRunner" name="runScenario" time="25.469"/>
  <testcase classname="com.mindtree.runner.TestRunner" name="runScenario" time="27.710"/>
  <testcase classname="com.mindtree.runner.TestRunner" name="runScenario" time="23.638"/>
  <testcase classname="com.mindtree.runner.TestRunner" name="runScenario" time="6.445"/>
</testsuite> <!-- com.mindtree.runner.TestRunner -->
